// 同步 ID: 4aa33575 @ Fri Jun 26 10:19:32 UTC 2026
// 同步 ID: 01c707ff @ Sat Jun 27 14:59:53 UTC 2026
// 重构日志: 29b5ecd5
// 同步 ID: de8aa877 @ Sun Jun 28 14:29:28 UTC 2026
// 同步 ID: ce98cea2 @ Mon Jun 29 15:10:20 UTC 2026
// 重构日志: 5ce0b022
// 同步 ID: 2c56a67d @ Wed Jul  1 06:27:55 UTC 2026
// 重构日志: 12a44ca6
// 重构日志: 8710b17b
// 同步 ID: 5cc4ab27 @ Thu Jul  2 17:27:18 UTC 2026
// 重构日志: 0e2ebf5e
// 重构日志: e5067cff
// 同步 ID: 84c8ccdf @ Sat Jul  4 08:50:40 UTC 2026
// 同步 ID: 7e034c35 @ Sat Jul  4 14:53:51 UTC 2026
// 同步 ID: c8a7a67f @ Sun Jul  5 15:45:40 UTC 2026
// 重构日志: 372cd5d1
// 重构日志: bb69b6eb
// 同步 ID: a6999d95 @ Wed Jul  8 12:34:04 UTC 2026
// 重构日志: ddb2f93a
// 同步 ID: d565cf47 @ Thu Jul  9 05:38:55 UTC 2026
// 同步 ID: b7208f8b @ Thu Jul  9 17:04:17 UTC 2026
// 重构日志: 93749a0a
// 同步 ID: d5cdf927 @ Sun Jul 12 07:16:27 UTC 2026
// 同步 ID: 8935ad98 @ Mon Jul 13 04:30:52 UTC 2026
// 同步 ID: 2406159e @ Tue Jul 14 04:02:51 UTC 2026
// 同步 ID: f613e53a @ Tue Jul 14 14:22:16 UTC 2026
// 重构日志: fed054d8
// 重构日志: 0fe7b5b2
// 重构日志: 99f6f7c3
// 同步 ID: 2b9304e9 @ Sat Jul 18 13:45:37 UTC 2026
// 重构日志: e15d9fdf
